
###############################################################################
### REPO START (DRY RUN)
### Local folder : OutcastID3
### GitHub repo  : outcastid3
### Path         : /Users/andy/dev/OutcastID3
###############################################################################
Current remotes:
origin	https://github.com/andyc71/OutcastID3 (fetch)
origin	https://github.com/andyc71/OutcastID3 (push)

PLAN: SKIP — GitHub remote already present
###############################################################################

###############################################################################
### REPO ANALYSIS
### Local folder : OutcastID3
### GitHub repo  : outcastid3
### Path         : /Users/andy/dev/OutcastID3
###############################################################################
Git object size : 1.08MiB
Large blobs (> 50MB):
Git LFS         : no

PLAN: SKIP — already on GitHub

###############################################################################
### REPO ANALYSIS
### Local folder : OutcastID3
### GitHub repo  : outcastid3
### Path         : /Users/andy/dev/OutcastID3
###############################################################################
Git object size : 1.08MiB
Large blobs (> 50MB):
Git LFS         : no

PLAN: SKIP — already on GitHub

###############################################################################
### REPO ANALYSIS
### Local folder : OutcastID3
### GitHub repo  : outcastid3
### Path         : /Users/andy/dev/OutcastID3
###############################################################################
Git object size : 1.08MiB
Large blobs (> 50MB):
Git LFS         : no

PLAN: SKIP — already on GitHub

###############################################################################
### REPO ANALYSIS
### Local folder : OutcastID3
### GitHub repo  : outcastid3
### Path         : /Users/andy/dev/OutcastID3
###############################################################################
Git object size : 1.08MiB
Large blobs (> 50MB):
Git LFS         : no

PLAN: SKIP — already on GitHub

###############################################################################
### REPO ANALYSIS
### Local folder : OutcastID3
### GitHub repo  : outcastid3
### Path         : /Users/andy/dev/OutcastID3
###############################################################################
Git object size : 1.08MiB
Large blobs (> 50MB):
Git LFS         : no

PLAN: SKIP — already on GitHub

###############################################################################
### REPO ANALYSIS
### Local folder : OutcastID3
### GitHub repo  : outcastid3
### Path         : /Users/andy/dev/OutcastID3
###############################################################################
Git object size : 1.08MiB
Large blobs (> 50MB):
Git LFS         : no

PLAN: SKIP — already on GitHub

###############################################################################
### REPO ANALYSIS
### Local folder : OutcastID3
### GitHub repo  : outcastid3
### Path         : /Users/andy/dev/OutcastID3
###############################################################################
Git object size : 1.08MiB
Large blobs (> 50MB):
Git LFS         : no

PLAN: SKIP — already on GitHub

###############################################################################
### REPO ANALYSIS
### Local folder : OutcastID3
### GitHub repo  : outcastid3
### Path         : /Users/andy/dev/OutcastID3
###############################################################################
Git object size : 1.08MiB
Large blobs (> 50MB):
Git LFS         : no

PLAN: SKIP — already on GitHub

###############################################################################
### REPO ANALYSIS
### Local folder : OutcastID3
### GitHub repo  : outcastid3
### Path         : /Users/andy/dev/OutcastID3
###############################################################################
Git object size : 1.08MiB
Large blobs (> 50MB):
Git LFS         : no

PLAN: SKIP — already on GitHub
